[0.030s] Invoking command in '/home/parallels/robotic_hw/machina_ws/build/robot_interfaces': CMAKE_PREFIX_PATH=${CMAKE_PREFIX_PATH}:/opt/ros/humble CONDA_PROMPT_MODIFIER=(base) /usr/bin/cmake /home/parallels/robotic_hw/machina_ws/src/robot_interfaces -DCMAKE_INSTALL_PREFIX=/home/parallels/robotic_hw/machina_ws/install/robot_interfaces
[0.130s] -- The C compiler identification is GNU 11.4.0
[0.194s] -- The CXX compiler identification is GNU 11.4.0
[0.203s] -- Detecting C compiler ABI info
[0.248s] -- Detecting C compiler ABI info - done
[0.253s] -- Check for working C compiler: /usr/bin/cc - skipped
[0.254s] -- Detecting C compile features
[0.255s] -- Detecting C compile features - done
[0.258s] -- Detecting CXX compiler ABI info
[0.300s] -- Detecting CXX compiler ABI info - done
[0.305s] -- Check for working CXX compiler: /usr/bin/c++ - skipped
[0.305s] -- Detecting CXX compile features
[0.306s] -- Detecting CXX compile features - done
[0.314s] -- Found ament_cmake: 1.3.7 (/opt/ros/humble/share/ament_cmake/cmake)
[0.427s] -- Found Python3: /usr/bin/python3.10 (found version "3.10.12") found components: Interpreter 
[0.489s] -- Found ament_lint_auto: 0.12.10 (/opt/ros/humble/share/ament_lint_auto/cmake)
[0.536s] -- Added test 'lint_cmake' to check CMake code style
[0.537s] -- Added test 'xmllint' to check XML markup files
[0.538s] -- Configuring done
[0.539s] -- Generating done
[0.540s] -- Build files have been written to: /home/parallels/robotic_hw/machina_ws/build/robot_interfaces
[0.543s] Invoked command in '/home/parallels/robotic_hw/machina_ws/build/robot_interfaces' returned '0': CMAKE_PREFIX_PATH=${CMAKE_PREFIX_PATH}:/opt/ros/humble CONDA_PROMPT_MODIFIER=(base) /usr/bin/cmake /home/parallels/robotic_hw/machina_ws/src/robot_interfaces -DCMAKE_INSTALL_PREFIX=/home/parallels/robotic_hw/machina_ws/install/robot_interfaces
[0.544s] Invoking command in '/home/parallels/robotic_hw/machina_ws/build/robot_interfaces': CMAKE_PREFIX_PATH=${CMAKE_PREFIX_PATH}:/opt/ros/humble CONDA_PROMPT_MODIFIER=(base) /usr/bin/cmake --build /home/parallels/robotic_hw/machina_ws/build/robot_interfaces -- -j6 -l6
[0.562s] Invoked command in '/home/parallels/robotic_hw/machina_ws/build/robot_interfaces' returned '0': CMAKE_PREFIX_PATH=${CMAKE_PREFIX_PATH}:/opt/ros/humble CONDA_PROMPT_MODIFIER=(base) /usr/bin/cmake --build /home/parallels/robotic_hw/machina_ws/build/robot_interfaces -- -j6 -l6
[0.575s] Invoking command in '/home/parallels/robotic_hw/machina_ws/build/robot_interfaces': CMAKE_PREFIX_PATH=${CMAKE_PREFIX_PATH}:/opt/ros/humble CONDA_PROMPT_MODIFIER=(base) /usr/bin/cmake --install /home/parallels/robotic_hw/machina_ws/build/robot_interfaces
[0.578s] -- Install configuration: ""
[0.578s] -- Installing: /home/parallels/robotic_hw/machina_ws/install/robot_interfaces/share/ament_index/resource_index/package_run_dependencies/robot_interfaces
[0.578s] -- Installing: /home/parallels/robotic_hw/machina_ws/install/robot_interfaces/share/ament_index/resource_index/parent_prefix_path/robot_interfaces
[0.579s] -- Installing: /home/parallels/robotic_hw/machina_ws/install/robot_interfaces/share/robot_interfaces/environment/ament_prefix_path.sh
[0.579s] -- Installing: /home/parallels/robotic_hw/machina_ws/install/robot_interfaces/share/robot_interfaces/environment/ament_prefix_path.dsv
[0.579s] -- Installing: /home/parallels/robotic_hw/machina_ws/install/robot_interfaces/share/robot_interfaces/environment/path.sh
[0.579s] -- Installing: /home/parallels/robotic_hw/machina_ws/install/robot_interfaces/share/robot_interfaces/environment/path.dsv
[0.579s] -- Installing: /home/parallels/robotic_hw/machina_ws/install/robot_interfaces/share/robot_interfaces/local_setup.bash
[0.579s] -- Installing: /home/parallels/robotic_hw/machina_ws/install/robot_interfaces/share/robot_interfaces/local_setup.sh
[0.579s] -- Installing: /home/parallels/robotic_hw/machina_ws/install/robot_interfaces/share/robot_interfaces/local_setup.zsh
[0.579s] -- Installing: /home/parallels/robotic_hw/machina_ws/install/robot_interfaces/share/robot_interfaces/local_setup.dsv
[0.579s] -- Installing: /home/parallels/robotic_hw/machina_ws/install/robot_interfaces/share/robot_interfaces/package.dsv
[0.579s] -- Installing: /home/parallels/robotic_hw/machina_ws/install/robot_interfaces/share/ament_index/resource_index/packages/robot_interfaces
[0.579s] -- Installing: /home/parallels/robotic_hw/machina_ws/install/robot_interfaces/share/robot_interfaces/cmake/robot_interfacesConfig.cmake
[0.579s] -- Installing: /home/parallels/robotic_hw/machina_ws/install/robot_interfaces/share/robot_interfaces/cmake/robot_interfacesConfig-version.cmake
[0.579s] -- Installing: /home/parallels/robotic_hw/machina_ws/install/robot_interfaces/share/robot_interfaces/package.xml
[0.581s] Invoked command in '/home/parallels/robotic_hw/machina_ws/build/robot_interfaces' returned '0': CMAKE_PREFIX_PATH=${CMAKE_PREFIX_PATH}:/opt/ros/humble CONDA_PROMPT_MODIFIER=(base) /usr/bin/cmake --install /home/parallels/robotic_hw/machina_ws/build/robot_interfaces
