[0.428s] DEBUG:colcon:Command line arguments: ['/usr/bin/colcon', 'build']
[0.428s] DEBUG:colcon:Parsed command line arguments: Namespace(log_base=None, log_level=None, verb_name='build', build_base='build', install_base='install', merge_install=False, symlink_install=False, test_result_base=None, continue_on_error=False, executor='parallel', parallel_workers=6, event_handlers=None, ignore_user_meta=False, metas=['./colcon.meta'], base_paths=['.'], packages_ignore=None, packages_ignore_regex=None, paths=None, packages_up_to=None, packages_up_to_regex=None, packages_above=None, packages_above_and_dependencies=None, packages_above_depth=None, packages_select_by_dep=None, packages_skip_by_dep=None, packages_skip_up_to=None, packages_select_build_failed=False, packages_skip_build_finished=False, packages_select_test_failures=False, packages_skip_test_passed=False, packages_select=None, packages_skip=None, packages_select_regex=None, packages_skip_regex=None, packages_start=None, packages_end=None, allow_overriding=[], cmake_args=None, cmake_target=None, cmake_target_skip_unavailable=False, cmake_clean_cache=False, cmake_clean_first=False, cmake_force_configure=False, ament_cmake_args=None, catkin_cmake_args=None, catkin_skip_building_tests=False, verb_parser=<colcon_defaults.argument_parser.defaults.DefaultArgumentsDecorator object at 0xffffa9733e20>, verb_extension=<colcon_core.verb.build.BuildVerb object at 0xffffa9732e60>, main=<bound method BuildVerb.main of <colcon_core.verb.build.BuildVerb object at 0xffffa9732e60>>)
[0.449s] Level 1:colcon.colcon_core.package_discovery:discover_packages(colcon_meta) check parameters
[0.449s] Level 1:colcon.colcon_core.package_discovery:discover_packages(recursive) check parameters
[0.449s] Level 1:colcon.colcon_core.package_discovery:discover_packages(ignore) check parameters
[0.449s] Level 1:colcon.colcon_core.package_discovery:discover_packages(path) check parameters
[0.449s] Level 1:colcon.colcon_core.package_discovery:discover_packages(colcon_meta) discover
[0.449s] Level 1:colcon.colcon_core.package_discovery:discover_packages(recursive) discover
[0.449s] INFO:colcon.colcon_core.package_discovery:Crawling recursively for packages in '/home/parallels/robotic_hw/machina_ws'
[0.449s] Level 1:colcon.colcon_core.package_identification:_identify(.) by extensions ['ignore', 'ignore_ament_install']
[0.449s] Level 1:colcon.colcon_core.package_identification:_identify(.) by extension 'ignore'
[0.449s] Level 1:colcon.colcon_core.package_identification:_identify(.) by extension 'ignore_ament_install'
[0.449s] Level 1:colcon.colcon_core.package_identification:_identify(.) by extensions ['colcon_pkg']
[0.449s] Level 1:colcon.colcon_core.package_identification:_identify(.) by extension 'colcon_pkg'
[0.449s] Level 1:colcon.colcon_core.package_identification:_identify(.) by extensions ['colcon_meta']
[0.449s] Level 1:colcon.colcon_core.package_identification:_identify(.) by extension 'colcon_meta'
[0.449s] Level 1:colcon.colcon_core.package_identification:_identify(.) by extensions ['ros']
[0.449s] Level 1:colcon.colcon_core.package_identification:_identify(.) by extension 'ros'
[0.456s] Level 1:colcon.colcon_core.package_identification:_identify(.) by extensions ['cmake', 'python']
[0.456s] Level 1:colcon.colcon_core.package_identification:_identify(.) by extension 'cmake'
[0.456s] Level 1:colcon.colcon_core.package_identification:_identify(.) by extension 'python'
[0.456s] Level 1:colcon.colcon_core.package_identification:_identify(.) by extensions ['python_setup_py']
[0.456s] Level 1:colcon.colcon_core.package_identification:_identify(.) by extension 'python_setup_py'
[0.456s] Level 1:colcon.colcon_core.package_identification:_identify(build) by extensions ['ignore', 'ignore_ament_install']
[0.456s] Level 1:colcon.colcon_core.package_identification:_identify(build) by extension 'ignore'
[0.456s] Level 1:colcon.colcon_core.package_identification:_identify(build) ignored
[0.456s] Level 1:colcon.colcon_core.package_identification:_identify(install) by extensions ['ignore', 'ignore_ament_install']
[0.456s] Level 1:colcon.colcon_core.package_identification:_identify(install) by extension 'ignore'
[0.456s] Level 1:colcon.colcon_core.package_identification:_identify(install) ignored
[0.456s] Level 1:colcon.colcon_core.package_identification:_identify(log) by extensions ['ignore', 'ignore_ament_install']
[0.456s] Level 1:colcon.colcon_core.package_identification:_identify(log) by extension 'ignore'
[0.456s] Level 1:colcon.colcon_core.package_identification:_identify(log) ignored
[0.456s] Level 1:colcon.colcon_core.package_identification:_identify(src) by extensions ['ignore', 'ignore_ament_install']
[0.456s] Level 1:colcon.colcon_core.package_identification:_identify(src) by extension 'ignore'
[0.456s] Level 1:colcon.colcon_core.package_identification:_identify(src) by extension 'ignore_ament_install'
[0.456s] Level 1:colcon.colcon_core.package_identification:_identify(src) by extensions ['colcon_pkg']
[0.456s] Level 1:colcon.colcon_core.package_identification:_identify(src) by extension 'colcon_pkg'
[0.456s] Level 1:colcon.colcon_core.package_identification:_identify(src) by extensions ['colcon_meta']
[0.456s] Level 1:colcon.colcon_core.package_identification:_identify(src) by extension 'colcon_meta'
[0.456s] Level 1:colcon.colcon_core.package_identification:_identify(src) by extensions ['ros']
[0.456s] Level 1:colcon.colcon_core.package_identification:_identify(src) by extension 'ros'
[0.456s] Level 1:colcon.colcon_core.package_identification:_identify(src) by extensions ['cmake', 'python']
[0.456s] Level 1:colcon.colcon_core.package_identification:_identify(src) by extension 'cmake'
[0.456s] Level 1:colcon.colcon_core.package_identification:_identify(src) by extension 'python'
[0.456s] Level 1:colcon.colcon_core.package_identification:_identify(src) by extensions ['python_setup_py']
[0.456s] Level 1:colcon.colcon_core.package_identification:_identify(src) by extension 'python_setup_py'
[0.456s] Level 1:colcon.colcon_core.package_identification:_identify(src/robot_interfaces) by extensions ['ignore', 'ignore_ament_install']
[0.456s] Level 1:colcon.colcon_core.package_identification:_identify(src/robot_interfaces) by extension 'ignore'
[0.456s] Level 1:colcon.colcon_core.package_identification:_identify(src/robot_interfaces) by extension 'ignore_ament_install'
[0.456s] Level 1:colcon.colcon_core.package_identification:_identify(src/robot_interfaces) by extensions ['colcon_pkg']
[0.456s] Level 1:colcon.colcon_core.package_identification:_identify(src/robot_interfaces) by extension 'colcon_pkg'
[0.456s] Level 1:colcon.colcon_core.package_identification:_identify(src/robot_interfaces) by extensions ['colcon_meta']
[0.456s] Level 1:colcon.colcon_core.package_identification:_identify(src/robot_interfaces) by extension 'colcon_meta'
[0.457s] Level 1:colcon.colcon_core.package_identification:_identify(src/robot_interfaces) by extensions ['ros']
[0.457s] Level 1:colcon.colcon_core.package_identification:_identify(src/robot_interfaces) by extension 'ros'
[0.460s] DEBUG:colcon.colcon_core.package_identification:Package 'src/robot_interfaces' with type 'ros.ament_cmake' and name 'robot_interfaces'
[0.460s] Level 1:colcon.colcon_core.package_identification:_identify(src/sensor_srv) by extensions ['ignore', 'ignore_ament_install']
[0.460s] Level 1:colcon.colcon_core.package_identification:_identify(src/sensor_srv) by extension 'ignore'
[0.460s] Level 1:colcon.colcon_core.package_identification:_identify(src/sensor_srv) by extension 'ignore_ament_install'
[0.460s] Level 1:colcon.colcon_core.package_identification:_identify(src/sensor_srv) by extensions ['colcon_pkg']
[0.460s] Level 1:colcon.colcon_core.package_identification:_identify(src/sensor_srv) by extension 'colcon_pkg'
[0.460s] Level 1:colcon.colcon_core.package_identification:_identify(src/sensor_srv) by extensions ['colcon_meta']
[0.460s] Level 1:colcon.colcon_core.package_identification:_identify(src/sensor_srv) by extension 'colcon_meta'
[0.460s] Level 1:colcon.colcon_core.package_identification:_identify(src/sensor_srv) by extensions ['ros']
[0.460s] Level 1:colcon.colcon_core.package_identification:_identify(src/sensor_srv) by extension 'ros'
[0.460s] DEBUG:colcon.colcon_core.package_identification:Package 'src/sensor_srv' with type 'ros.ament_cmake' and name 'sensor_srv'
[0.460s] Level 1:colcon.colcon_core.package_discovery:discover_packages(recursive) using defaults
[0.460s] Level 1:colcon.colcon_core.package_discovery:discover_packages(ignore) discover
[0.460s] Level 1:colcon.colcon_core.package_discovery:discover_packages(ignore) using defaults
[0.460s] Level 1:colcon.colcon_core.package_discovery:discover_packages(path) discover
[0.460s] Level 1:colcon.colcon_core.package_discovery:discover_packages(path) using defaults
[0.499s] Level 1:colcon.colcon_core.package_discovery:discover_packages(prefix_path) check parameters
[0.499s] Level 1:colcon.colcon_core.package_discovery:discover_packages(prefix_path) discover
[0.511s] DEBUG:colcon.colcon_installed_package_information.package_discovery:Found 4 installed packages in /home/parallels/controls_ros/install
[0.517s] DEBUG:colcon.colcon_installed_package_information.package_discovery:Found 290 installed packages in /opt/ros/humble
[0.518s] Level 1:colcon.colcon_core.package_discovery:discover_packages(prefix_path) using defaults
[0.561s] Level 5:colcon.colcon_core.verb:set package 'robot_interfaces' build argument 'cmake_args' from command line to 'None'
[0.561s] Level 5:colcon.colcon_core.verb:set package 'robot_interfaces' build argument 'cmake_target' from command line to 'None'
[0.561s] Level 5:colcon.colcon_core.verb:set package 'robot_interfaces' build argument 'cmake_target_skip_unavailable' from command line to 'False'
[0.561s] Level 5:colcon.colcon_core.verb:set package 'robot_interfaces' build argument 'cmake_clean_cache' from command line to 'False'
[0.561s] Level 5:colcon.colcon_core.verb:set package 'robot_interfaces' build argument 'cmake_clean_first' from command line to 'False'
[0.561s] Level 5:colcon.colcon_core.verb:set package 'robot_interfaces' build argument 'cmake_force_configure' from command line to 'False'
[0.561s] Level 5:colcon.colcon_core.verb:set package 'robot_interfaces' build argument 'ament_cmake_args' from command line to 'None'
[0.561s] Level 5:colcon.colcon_core.verb:set package 'robot_interfaces' build argument 'catkin_cmake_args' from command line to 'None'
[0.561s] Level 5:colcon.colcon_core.verb:set package 'robot_interfaces' build argument 'catkin_skip_building_tests' from command line to 'False'
[0.561s] DEBUG:colcon.colcon_core.verb:Building package 'robot_interfaces' with the following arguments: {'ament_cmake_args': None, 'build_base': '/home/parallels/robotic_hw/machina_ws/build/robot_interfaces', 'catkin_cmake_args': None, 'catkin_skip_building_tests': False, 'cmake_args': None, 'cmake_clean_cache': False, 'cmake_clean_first': False, 'cmake_force_configure': False, 'cmake_target': None, 'cmake_target_skip_unavailable': False, 'install_base': '/home/parallels/robotic_hw/machina_ws/install/robot_interfaces', 'merge_install': False, 'path': '/home/parallels/robotic_hw/machina_ws/src/robot_interfaces', 'symlink_install': False, 'test_result_base': None}
[0.567s] Level 5:colcon.colcon_core.verb:set package 'sensor_srv' build argument 'cmake_args' from command line to 'None'
[0.567s] Level 5:colcon.colcon_core.verb:set package 'sensor_srv' build argument 'cmake_target' from command line to 'None'
[0.567s] Level 5:colcon.colcon_core.verb:set package 'sensor_srv' build argument 'cmake_target_skip_unavailable' from command line to 'False'
[0.567s] Level 5:colcon.colcon_core.verb:set package 'sensor_srv' build argument 'cmake_clean_cache' from command line to 'False'
[0.567s] Level 5:colcon.colcon_core.verb:set package 'sensor_srv' build argument 'cmake_clean_first' from command line to 'False'
[0.567s] Level 5:colcon.colcon_core.verb:set package 'sensor_srv' build argument 'cmake_force_configure' from command line to 'False'
[0.567s] Level 5:colcon.colcon_core.verb:set package 'sensor_srv' build argument 'ament_cmake_args' from command line to 'None'
[0.567s] Level 5:colcon.colcon_core.verb:set package 'sensor_srv' build argument 'catkin_cmake_args' from command line to 'None'
[0.567s] Level 5:colcon.colcon_core.verb:set package 'sensor_srv' build argument 'catkin_skip_building_tests' from command line to 'False'
[0.567s] DEBUG:colcon.colcon_core.verb:Building package 'sensor_srv' with the following arguments: {'ament_cmake_args': None, 'build_base': '/home/parallels/robotic_hw/machina_ws/build/sensor_srv', 'catkin_cmake_args': None, 'catkin_skip_building_tests': False, 'cmake_args': None, 'cmake_clean_cache': False, 'cmake_clean_first': False, 'cmake_force_configure': False, 'cmake_target': None, 'cmake_target_skip_unavailable': False, 'install_base': '/home/parallels/robotic_hw/machina_ws/install/sensor_srv', 'merge_install': False, 'path': '/home/parallels/robotic_hw/machina_ws/src/sensor_srv', 'symlink_install': False, 'test_result_base': None}
[0.572s] INFO:colcon.colcon_core.executor:Executing jobs using 'parallel' executor
[0.578s] DEBUG:colcon.colcon_parallel_executor.executor.parallel:run_until_complete
[0.579s] INFO:colcon.colcon_ros.task.ament_cmake.build:Building ROS package in '/home/parallels/robotic_hw/machina_ws/src/robot_interfaces' with build type 'ament_cmake'
[0.579s] INFO:colcon.colcon_cmake.task.cmake.build:Building CMake package in '/home/parallels/robotic_hw/machina_ws/src/robot_interfaces'
[0.586s] INFO:colcon.colcon_core.plugin_system:Skipping extension 'colcon_core.shell.bat': Not used on non-Windows systems
[0.586s] INFO:colcon.colcon_core.shell:Skip shell extension 'powershell' for command environment: Not usable outside of PowerShell
[0.586s] DEBUG:colcon.colcon_core.shell:Skip shell extension 'dsv' for command environment
[0.609s] DEBUG:colcon.colcon_core.event_handler.log_command:Invoking command in '/home/parallels/robotic_hw/machina_ws/build/robot_interfaces': CMAKE_PREFIX_PATH=${CMAKE_PREFIX_PATH}:/opt/ros/humble CONDA_PROMPT_MODIFIER=(base) /usr/bin/cmake /home/parallels/robotic_hw/machina_ws/src/robot_interfaces -DCMAKE_INSTALL_PREFIX=/home/parallels/robotic_hw/machina_ws/install/robot_interfaces
[1.122s] DEBUG:colcon.colcon_core.event_handler.log_command:Invoked command in '/home/parallels/robotic_hw/machina_ws/build/robot_interfaces' returned '0': CMAKE_PREFIX_PATH=${CMAKE_PREFIX_PATH}:/opt/ros/humble CONDA_PROMPT_MODIFIER=(base) /usr/bin/cmake /home/parallels/robotic_hw/machina_ws/src/robot_interfaces -DCMAKE_INSTALL_PREFIX=/home/parallels/robotic_hw/machina_ws/install/robot_interfaces
[1.123s] DEBUG:colcon.colcon_core.event_handler.log_command:Invoking command in '/home/parallels/robotic_hw/machina_ws/build/robot_interfaces': CMAKE_PREFIX_PATH=${CMAKE_PREFIX_PATH}:/opt/ros/humble CONDA_PROMPT_MODIFIER=(base) /usr/bin/cmake --build /home/parallels/robotic_hw/machina_ws/build/robot_interfaces -- -j6 -l6
[1.141s] DEBUG:colcon.colcon_core.event_handler.log_command:Invoked command in '/home/parallels/robotic_hw/machina_ws/build/robot_interfaces' returned '0': CMAKE_PREFIX_PATH=${CMAKE_PREFIX_PATH}:/opt/ros/humble CONDA_PROMPT_MODIFIER=(base) /usr/bin/cmake --build /home/parallels/robotic_hw/machina_ws/build/robot_interfaces -- -j6 -l6
[1.154s] DEBUG:colcon.colcon_core.event_handler.log_command:Invoking command in '/home/parallels/robotic_hw/machina_ws/build/robot_interfaces': CMAKE_PREFIX_PATH=${CMAKE_PREFIX_PATH}:/opt/ros/humble CONDA_PROMPT_MODIFIER=(base) /usr/bin/cmake --install /home/parallels/robotic_hw/machina_ws/build/robot_interfaces
[1.159s] Level 1:colcon.colcon_core.environment:create_environment_scripts_only(robot_interfaces)
[1.160s] DEBUG:colcon.colcon_core.event_handler.log_command:Invoked command in '/home/parallels/robotic_hw/machina_ws/build/robot_interfaces' returned '0': CMAKE_PREFIX_PATH=${CMAKE_PREFIX_PATH}:/opt/ros/humble CONDA_PROMPT_MODIFIER=(base) /usr/bin/cmake --install /home/parallels/robotic_hw/machina_ws/build/robot_interfaces
[1.170s] Level 1:colcon.colcon_core.environment:checking '/home/parallels/robotic_hw/machina_ws/install/robot_interfaces' for CMake module files
[1.171s] Level 1:colcon.colcon_core.environment:checking '/home/parallels/robotic_hw/machina_ws/install/robot_interfaces' for CMake config files
[1.171s] Level 1:colcon.colcon_core.shell:create_environment_hook('robot_interfaces', 'cmake_prefix_path')
[1.177s] INFO:colcon.colcon_core.shell:Creating environment hook '/home/parallels/robotic_hw/machina_ws/install/robot_interfaces/share/robot_interfaces/hook/cmake_prefix_path.ps1'
[1.177s] INFO:colcon.colcon_core.shell:Creating environment descriptor '/home/parallels/robotic_hw/machina_ws/install/robot_interfaces/share/robot_interfaces/hook/cmake_prefix_path.dsv'
[1.178s] INFO:colcon.colcon_core.shell:Creating environment hook '/home/parallels/robotic_hw/machina_ws/install/robot_interfaces/share/robot_interfaces/hook/cmake_prefix_path.sh'
[1.178s] Level 1:colcon.colcon_core.environment:checking '/home/parallels/robotic_hw/machina_ws/install/robot_interfaces/bin'
[1.178s] Level 1:colcon.colcon_core.environment:checking '/home/parallels/robotic_hw/machina_ws/install/robot_interfaces/lib/pkgconfig/robot_interfaces.pc'
[1.178s] Level 1:colcon.colcon_core.environment:checking '/home/parallels/robotic_hw/machina_ws/install/robot_interfaces/lib/python3.10/site-packages'
[1.178s] Level 1:colcon.colcon_core.environment:checking '/home/parallels/robotic_hw/machina_ws/install/robot_interfaces/bin'
[1.185s] INFO:colcon.colcon_core.shell:Creating package script '/home/parallels/robotic_hw/machina_ws/install/robot_interfaces/share/robot_interfaces/package.ps1'
[1.185s] INFO:colcon.colcon_core.shell:Creating package descriptor '/home/parallels/robotic_hw/machina_ws/install/robot_interfaces/share/robot_interfaces/package.dsv'
[1.186s] INFO:colcon.colcon_core.shell:Creating package script '/home/parallels/robotic_hw/machina_ws/install/robot_interfaces/share/robot_interfaces/package.sh'
[1.186s] INFO:colcon.colcon_core.shell:Creating package script '/home/parallels/robotic_hw/machina_ws/install/robot_interfaces/share/robot_interfaces/package.bash'
[1.187s] INFO:colcon.colcon_core.shell:Creating package script '/home/parallels/robotic_hw/machina_ws/install/robot_interfaces/share/robot_interfaces/package.zsh'
[1.188s] Level 1:colcon.colcon_core.environment:create_file_with_runtime_dependencies(/home/parallels/robotic_hw/machina_ws/install/robot_interfaces/share/colcon-core/packages/robot_interfaces)
[1.203s] Level 1:colcon.colcon_core.environment:create_environment_scripts_only(robot_interfaces)
[1.209s] Level 1:colcon.colcon_core.environment:checking '/home/parallels/robotic_hw/machina_ws/install/robot_interfaces' for CMake module files
[1.210s] Level 1:colcon.colcon_core.environment:checking '/home/parallels/robotic_hw/machina_ws/install/robot_interfaces' for CMake config files
[1.210s] Level 1:colcon.colcon_core.shell:create_environment_hook('robot_interfaces', 'cmake_prefix_path')
[1.222s] INFO:colcon.colcon_core.shell:Creating environment hook '/home/parallels/robotic_hw/machina_ws/install/robot_interfaces/share/robot_interfaces/hook/cmake_prefix_path.ps1'
[1.223s] INFO:colcon.colcon_core.shell:Creating environment descriptor '/home/parallels/robotic_hw/machina_ws/install/robot_interfaces/share/robot_interfaces/hook/cmake_prefix_path.dsv'
[1.223s] INFO:colcon.colcon_core.shell:Creating environment hook '/home/parallels/robotic_hw/machina_ws/install/robot_interfaces/share/robot_interfaces/hook/cmake_prefix_path.sh'
[1.223s] Level 1:colcon.colcon_core.environment:checking '/home/parallels/robotic_hw/machina_ws/install/robot_interfaces/bin'
[1.223s] Level 1:colcon.colcon_core.environment:checking '/home/parallels/robotic_hw/machina_ws/install/robot_interfaces/lib/pkgconfig/robot_interfaces.pc'
[1.224s] Level 1:colcon.colcon_core.environment:checking '/home/parallels/robotic_hw/machina_ws/install/robot_interfaces/lib/python3.10/site-packages'
[1.224s] Level 1:colcon.colcon_core.environment:checking '/home/parallels/robotic_hw/machina_ws/install/robot_interfaces/bin'
[1.230s] INFO:colcon.colcon_core.shell:Creating package script '/home/parallels/robotic_hw/machina_ws/install/robot_interfaces/share/robot_interfaces/package.ps1'
[1.230s] INFO:colcon.colcon_core.shell:Creating package descriptor '/home/parallels/robotic_hw/machina_ws/install/robot_interfaces/share/robot_interfaces/package.dsv'
[1.230s] INFO:colcon.colcon_core.shell:Creating package script '/home/parallels/robotic_hw/machina_ws/install/robot_interfaces/share/robot_interfaces/package.sh'
[1.231s] INFO:colcon.colcon_core.shell:Creating package script '/home/parallels/robotic_hw/machina_ws/install/robot_interfaces/share/robot_interfaces/package.bash'
[1.231s] INFO:colcon.colcon_core.shell:Creating package script '/home/parallels/robotic_hw/machina_ws/install/robot_interfaces/share/robot_interfaces/package.zsh'
[1.231s] Level 1:colcon.colcon_core.environment:create_file_with_runtime_dependencies(/home/parallels/robotic_hw/machina_ws/install/robot_interfaces/share/colcon-core/packages/robot_interfaces)
[1.231s] INFO:colcon.colcon_ros.task.ament_cmake.build:Building ROS package in '/home/parallels/robotic_hw/machina_ws/src/sensor_srv' with build type 'ament_cmake'
[1.231s] INFO:colcon.colcon_cmake.task.cmake.build:Building CMake package in '/home/parallels/robotic_hw/machina_ws/src/sensor_srv'
[1.238s] INFO:colcon.colcon_core.shell:Skip shell extension 'powershell' for command environment: Not usable outside of PowerShell
[1.238s] DEBUG:colcon.colcon_core.shell:Skip shell extension 'dsv' for command environment
[1.261s] DEBUG:colcon.colcon_core.event_handler.log_command:Invoking command in '/home/parallels/robotic_hw/machina_ws/build/sensor_srv': AMENT_PREFIX_PATH=/home/parallels/robotic_hw/machina_ws/install/robot_interfaces:${AMENT_PREFIX_PATH} CMAKE_PREFIX_PATH=/home/parallels/robotic_hw/machina_ws/install/robot_interfaces:/home/parallels/controls_ros/install/uv_utils:/home/parallels/controls_ros/install/uv_utils_msgs:/home/parallels/controls_ros/install/sentry:/opt/ros/humble CONDA_PROMPT_MODIFIER=(base) /usr/bin/cmake /home/parallels/robotic_hw/machina_ws/src/sensor_srv -DCMAKE_INSTALL_PREFIX=/home/parallels/robotic_hw/machina_ws/install/sensor_srv
[2.143s] DEBUG:colcon.colcon_core.event_handler.log_command:Invoked command in '/home/parallels/robotic_hw/machina_ws/build/sensor_srv' returned '0': AMENT_PREFIX_PATH=/home/parallels/robotic_hw/machina_ws/install/robot_interfaces:${AMENT_PREFIX_PATH} CMAKE_PREFIX_PATH=/home/parallels/robotic_hw/machina_ws/install/robot_interfaces:/home/parallels/controls_ros/install/uv_utils:/home/parallels/controls_ros/install/uv_utils_msgs:/home/parallels/controls_ros/install/sentry:/opt/ros/humble CONDA_PROMPT_MODIFIER=(base) /usr/bin/cmake /home/parallels/robotic_hw/machina_ws/src/sensor_srv -DCMAKE_INSTALL_PREFIX=/home/parallels/robotic_hw/machina_ws/install/sensor_srv
[2.144s] DEBUG:colcon.colcon_core.event_handler.log_command:Invoking command in '/home/parallels/robotic_hw/machina_ws/build/sensor_srv': AMENT_PREFIX_PATH=/home/parallels/robotic_hw/machina_ws/install/robot_interfaces:${AMENT_PREFIX_PATH} CMAKE_PREFIX_PATH=/home/parallels/robotic_hw/machina_ws/install/robot_interfaces:/home/parallels/controls_ros/install/uv_utils:/home/parallels/controls_ros/install/uv_utils_msgs:/home/parallels/controls_ros/install/sentry:/opt/ros/humble CONDA_PROMPT_MODIFIER=(base) /usr/bin/cmake --build /home/parallels/robotic_hw/machina_ws/build/sensor_srv -- -j6 -l6
[2.163s] DEBUG:colcon.colcon_core.event_handler.log_command:Invoked command in '/home/parallels/robotic_hw/machina_ws/build/sensor_srv' returned '0': AMENT_PREFIX_PATH=/home/parallels/robotic_hw/machina_ws/install/robot_interfaces:${AMENT_PREFIX_PATH} CMAKE_PREFIX_PATH=/home/parallels/robotic_hw/machina_ws/install/robot_interfaces:/home/parallels/controls_ros/install/uv_utils:/home/parallels/controls_ros/install/uv_utils_msgs:/home/parallels/controls_ros/install/sentry:/opt/ros/humble CONDA_PROMPT_MODIFIER=(base) /usr/bin/cmake --build /home/parallels/robotic_hw/machina_ws/build/sensor_srv -- -j6 -l6
[2.173s] DEBUG:colcon.colcon_core.event_handler.log_command:Invoking command in '/home/parallels/robotic_hw/machina_ws/build/sensor_srv': AMENT_PREFIX_PATH=/home/parallels/robotic_hw/machina_ws/install/robot_interfaces:${AMENT_PREFIX_PATH} CMAKE_PREFIX_PATH=/home/parallels/robotic_hw/machina_ws/install/robot_interfaces:/home/parallels/controls_ros/install/uv_utils:/home/parallels/controls_ros/install/uv_utils_msgs:/home/parallels/controls_ros/install/sentry:/opt/ros/humble CONDA_PROMPT_MODIFIER=(base) /usr/bin/cmake --install /home/parallels/robotic_hw/machina_ws/build/sensor_srv
[2.178s] Level 1:colcon.colcon_core.environment:create_environment_scripts_only(sensor_srv)
[2.178s] DEBUG:colcon.colcon_core.event_handler.log_command:Invoked command in '/home/parallels/robotic_hw/machina_ws/build/sensor_srv' returned '0': AMENT_PREFIX_PATH=/home/parallels/robotic_hw/machina_ws/install/robot_interfaces:${AMENT_PREFIX_PATH} CMAKE_PREFIX_PATH=/home/parallels/robotic_hw/machina_ws/install/robot_interfaces:/home/parallels/controls_ros/install/uv_utils:/home/parallels/controls_ros/install/uv_utils_msgs:/home/parallels/controls_ros/install/sentry:/opt/ros/humble CONDA_PROMPT_MODIFIER=(base) /usr/bin/cmake --install /home/parallels/robotic_hw/machina_ws/build/sensor_srv
[2.185s] Level 1:colcon.colcon_core.environment:checking '/home/parallels/robotic_hw/machina_ws/install/sensor_srv' for CMake module files
[2.185s] Level 1:colcon.colcon_core.environment:checking '/home/parallels/robotic_hw/machina_ws/install/sensor_srv' for CMake config files
[2.185s] Level 1:colcon.colcon_core.shell:create_environment_hook('sensor_srv', 'cmake_prefix_path')
[2.191s] INFO:colcon.colcon_core.shell:Creating environment hook '/home/parallels/robotic_hw/machina_ws/install/sensor_srv/share/sensor_srv/hook/cmake_prefix_path.ps1'
[2.191s] INFO:colcon.colcon_core.shell:Creating environment descriptor '/home/parallels/robotic_hw/machina_ws/install/sensor_srv/share/sensor_srv/hook/cmake_prefix_path.dsv'
[2.192s] INFO:colcon.colcon_core.shell:Creating environment hook '/home/parallels/robotic_hw/machina_ws/install/sensor_srv/share/sensor_srv/hook/cmake_prefix_path.sh'
[2.192s] Level 1:colcon.colcon_core.environment:checking '/home/parallels/robotic_hw/machina_ws/install/sensor_srv/bin'
[2.192s] Level 1:colcon.colcon_core.environment:checking '/home/parallels/robotic_hw/machina_ws/install/sensor_srv/lib/pkgconfig/sensor_srv.pc'
[2.192s] Level 1:colcon.colcon_core.environment:checking '/home/parallels/robotic_hw/machina_ws/install/sensor_srv/lib/python3.10/site-packages'
[2.192s] Level 1:colcon.colcon_core.environment:checking '/home/parallels/robotic_hw/machina_ws/install/sensor_srv/bin'
[2.199s] INFO:colcon.colcon_core.shell:Creating package script '/home/parallels/robotic_hw/machina_ws/install/sensor_srv/share/sensor_srv/package.ps1'
[2.199s] INFO:colcon.colcon_core.shell:Creating package descriptor '/home/parallels/robotic_hw/machina_ws/install/sensor_srv/share/sensor_srv/package.dsv'
[2.199s] INFO:colcon.colcon_core.shell:Creating package script '/home/parallels/robotic_hw/machina_ws/install/sensor_srv/share/sensor_srv/package.sh'
[2.199s] INFO:colcon.colcon_core.shell:Creating package script '/home/parallels/robotic_hw/machina_ws/install/sensor_srv/share/sensor_srv/package.bash'
[2.200s] INFO:colcon.colcon_core.shell:Creating package script '/home/parallels/robotic_hw/machina_ws/install/sensor_srv/share/sensor_srv/package.zsh'
[2.200s] Level 1:colcon.colcon_core.environment:create_file_with_runtime_dependencies(/home/parallels/robotic_hw/machina_ws/install/sensor_srv/share/colcon-core/packages/sensor_srv)
[2.216s] Level 1:colcon.colcon_core.environment:create_environment_scripts_only(sensor_srv)
[2.222s] Level 1:colcon.colcon_core.environment:checking '/home/parallels/robotic_hw/machina_ws/install/sensor_srv' for CMake module files
[2.222s] Level 1:colcon.colcon_core.environment:checking '/home/parallels/robotic_hw/machina_ws/install/sensor_srv' for CMake config files
[2.222s] Level 1:colcon.colcon_core.shell:create_environment_hook('sensor_srv', 'cmake_prefix_path')
[2.228s] INFO:colcon.colcon_core.shell:Creating environment hook '/home/parallels/robotic_hw/machina_ws/install/sensor_srv/share/sensor_srv/hook/cmake_prefix_path.ps1'
[2.229s] INFO:colcon.colcon_core.shell:Creating environment descriptor '/home/parallels/robotic_hw/machina_ws/install/sensor_srv/share/sensor_srv/hook/cmake_prefix_path.dsv'
[2.229s] INFO:colcon.colcon_core.shell:Creating environment hook '/home/parallels/robotic_hw/machina_ws/install/sensor_srv/share/sensor_srv/hook/cmake_prefix_path.sh'
[2.229s] Level 1:colcon.colcon_core.environment:checking '/home/parallels/robotic_hw/machina_ws/install/sensor_srv/bin'
[2.229s] Level 1:colcon.colcon_core.environment:checking '/home/parallels/robotic_hw/machina_ws/install/sensor_srv/lib/pkgconfig/sensor_srv.pc'
[2.229s] Level 1:colcon.colcon_core.environment:checking '/home/parallels/robotic_hw/machina_ws/install/sensor_srv/lib/python3.10/site-packages'
[2.229s] Level 1:colcon.colcon_core.environment:checking '/home/parallels/robotic_hw/machina_ws/install/sensor_srv/bin'
[2.235s] INFO:colcon.colcon_core.shell:Creating package script '/home/parallels/robotic_hw/machina_ws/install/sensor_srv/share/sensor_srv/package.ps1'
[2.236s] INFO:colcon.colcon_core.shell:Creating package descriptor '/home/parallels/robotic_hw/machina_ws/install/sensor_srv/share/sensor_srv/package.dsv'
[2.236s] INFO:colcon.colcon_core.shell:Creating package script '/home/parallels/robotic_hw/machina_ws/install/sensor_srv/share/sensor_srv/package.sh'
[2.236s] INFO:colcon.colcon_core.shell:Creating package script '/home/parallels/robotic_hw/machina_ws/install/sensor_srv/share/sensor_srv/package.bash'
[2.236s] INFO:colcon.colcon_core.shell:Creating package script '/home/parallels/robotic_hw/machina_ws/install/sensor_srv/share/sensor_srv/package.zsh'
[2.236s] Level 1:colcon.colcon_core.environment:create_file_with_runtime_dependencies(/home/parallels/robotic_hw/machina_ws/install/sensor_srv/share/colcon-core/packages/sensor_srv)
[2.237s] DEBUG:colcon.colcon_parallel_executor.executor.parallel:closing loop
[2.237s] DEBUG:colcon.colcon_parallel_executor.executor.parallel:loop closed
[2.237s] DEBUG:colcon.colcon_parallel_executor.executor.parallel:run_until_complete finished with '0'
[2.237s] DEBUG:colcon.colcon_core.event_reactor:joining thread
[2.245s] INFO:colcon.colcon_core.plugin_system:Skipping extension 'colcon_notification.desktop_notification.terminal_notifier': Not used on non-Darwin systems
[2.245s] INFO:colcon.colcon_core.plugin_system:Skipping extension 'colcon_notification.desktop_notification.win32': Not used on non-Windows systems
[2.245s] INFO:colcon.colcon_notification.desktop_notification:Sending desktop notification using 'notify2'
[2.253s] DEBUG:colcon.colcon_core.event_reactor:joined thread
[2.259s] INFO:colcon.colcon_core.shell:Creating prefix script '/home/parallels/robotic_hw/machina_ws/install/local_setup.ps1'
[2.260s] INFO:colcon.colcon_core.shell:Creating prefix util module '/home/parallels/robotic_hw/machina_ws/install/_local_setup_util_ps1.py'
[2.261s] INFO:colcon.colcon_core.shell:Creating prefix chain script '/home/parallels/robotic_hw/machina_ws/install/setup.ps1'
[2.268s] INFO:colcon.colcon_core.shell:Creating prefix script '/home/parallels/robotic_hw/machina_ws/install/local_setup.sh'
[2.268s] INFO:colcon.colcon_core.shell:Creating prefix util module '/home/parallels/robotic_hw/machina_ws/install/_local_setup_util_sh.py'
[2.268s] INFO:colcon.colcon_core.shell:Creating prefix chain script '/home/parallels/robotic_hw/machina_ws/install/setup.sh'
[2.275s] INFO:colcon.colcon_core.shell:Creating prefix script '/home/parallels/robotic_hw/machina_ws/install/local_setup.bash'
[2.275s] INFO:colcon.colcon_core.shell:Creating prefix chain script '/home/parallels/robotic_hw/machina_ws/install/setup.bash'
[2.282s] INFO:colcon.colcon_core.shell:Creating prefix script '/home/parallels/robotic_hw/machina_ws/install/local_setup.zsh'
[2.282s] INFO:colcon.colcon_core.shell:Creating prefix chain script '/home/parallels/robotic_hw/machina_ws/install/setup.zsh'
