[0.028s] Invoking command in '/home/parallels/robotic_hw/machina_ws/build/sensor_srv': AMENT_PREFIX_PATH=/home/parallels/robotic_hw/machina_ws/install/robot_interfaces:${AMENT_PREFIX_PATH} CMAKE_PREFIX_PATH=/home/parallels/robotic_hw/machina_ws/install/robot_interfaces:/home/parallels/controls_ros/install/uv_utils:/home/parallels/controls_ros/install/uv_utils_msgs:/home/parallels/controls_ros/install/sentry:/opt/ros/humble CONDA_PROMPT_MODIFIER=(base) /usr/bin/cmake /home/parallels/robotic_hw/machina_ws/src/sensor_srv -DCMAKE_INSTALL_PREFIX=/home/parallels/robotic_hw/machina_ws/install/sensor_srv
[0.058s] -- The C compiler identification is GNU 11.4.0
[0.091s] -- The CXX compiler identification is GNU 11.4.0
[0.096s] -- Detecting C compiler ABI info
[0.132s] -- Detecting C compiler ABI info - done
[0.137s] -- Check for working C compiler: /usr/bin/cc - skipped
[0.137s] -- Detecting C compile features
[0.137s] -- Detecting C compile features - done
[0.139s] -- Detecting CXX compiler ABI info
[0.182s] -- Detecting CXX compiler ABI info - done
[0.188s] -- Check for working CXX compiler: /usr/bin/c++ - skipped
[0.188s] -- Detecting CXX compile features
[0.188s] -- Detecting CXX compile features - done
[0.190s] -- Found ament_cmake: 1.3.7 (/opt/ros/humble/share/ament_cmake/cmake)
[0.292s] -- Found Python3: /usr/bin/python3.10 (found version "3.10.12") found components: Interpreter 
[0.344s] -- Found rclcpp: 16.0.8 (/opt/ros/humble/share/rclcpp/cmake)
[0.389s] -- Found rosidl_generator_c: 3.1.5 (/opt/ros/humble/share/rosidl_generator_c/cmake)
[0.394s] -- Found rosidl_adapter: 3.1.5 (/opt/ros/humble/share/rosidl_adapter/cmake)
[0.402s] -- Found rosidl_generator_cpp: 3.1.5 (/opt/ros/humble/share/rosidl_generator_cpp/cmake)
[0.416s] -- Using all available rosidl_typesupport_c: rosidl_typesupport_fastrtps_c;rosidl_typesupport_introspection_c
[0.433s] -- Using all available rosidl_typesupport_cpp: rosidl_typesupport_fastrtps_cpp;rosidl_typesupport_introspection_cpp
[0.495s] -- Found rmw_implementation_cmake: 6.1.1 (/opt/ros/humble/share/rmw_implementation_cmake/cmake)
[0.497s] -- Found rmw_fastrtps_cpp: 6.2.6 (/opt/ros/humble/share/rmw_fastrtps_cpp/cmake)
[0.570s] -- Found OpenSSL: /usr/lib/aarch64-linux-gnu/libcrypto.so (found version "3.0.2")  
[0.592s] -- Found FastRTPS: /opt/ros/humble/include  
[0.626s] -- Using RMW implementation 'rmw_fastrtps_cpp' as default
[0.636s] -- Looking for pthread.h
[0.683s] -- Looking for pthread.h - found
[0.683s] -- Performing Test CMAKE_HAVE_LIBC_PTHREAD
[0.722s] -- Performing Test CMAKE_HAVE_LIBC_PTHREAD - Success
[0.723s] -- Found Threads: TRUE  
[0.854s] -- Found robot_interfaces: 0.0.0 (/home/parallels/robotic_hw/machina_ws/install/robot_interfaces/share/robot_interfaces/cmake)
[0.855s] -- Found ament_lint_auto: 0.12.10 (/opt/ros/humble/share/ament_lint_auto/cmake)
[0.899s] -- Added test 'lint_cmake' to check CMake code style
[0.900s] -- Added test 'xmllint' to check XML markup files
[0.900s] -- Configuring done
[0.903s] -- Generating done
[0.904s] -- Build files have been written to: /home/parallels/robotic_hw/machina_ws/build/sensor_srv
[0.910s] Invoked command in '/home/parallels/robotic_hw/machina_ws/build/sensor_srv' returned '0': AMENT_PREFIX_PATH=/home/parallels/robotic_hw/machina_ws/install/robot_interfaces:${AMENT_PREFIX_PATH} CMAKE_PREFIX_PATH=/home/parallels/robotic_hw/machina_ws/install/robot_interfaces:/home/parallels/controls_ros/install/uv_utils:/home/parallels/controls_ros/install/uv_utils_msgs:/home/parallels/controls_ros/install/sentry:/opt/ros/humble CONDA_PROMPT_MODIFIER=(base) /usr/bin/cmake /home/parallels/robotic_hw/machina_ws/src/sensor_srv -DCMAKE_INSTALL_PREFIX=/home/parallels/robotic_hw/machina_ws/install/sensor_srv
[0.911s] Invoking command in '/home/parallels/robotic_hw/machina_ws/build/sensor_srv': AMENT_PREFIX_PATH=/home/parallels/robotic_hw/machina_ws/install/robot_interfaces:${AMENT_PREFIX_PATH} CMAKE_PREFIX_PATH=/home/parallels/robotic_hw/machina_ws/install/robot_interfaces:/home/parallels/controls_ros/install/uv_utils:/home/parallels/controls_ros/install/uv_utils_msgs:/home/parallels/controls_ros/install/sentry:/opt/ros/humble CONDA_PROMPT_MODIFIER=(base) /usr/bin/cmake --build /home/parallels/robotic_hw/machina_ws/build/sensor_srv -- -j6 -l6
[0.930s] Invoked command in '/home/parallels/robotic_hw/machina_ws/build/sensor_srv' returned '0': AMENT_PREFIX_PATH=/home/parallels/robotic_hw/machina_ws/install/robot_interfaces:${AMENT_PREFIX_PATH} CMAKE_PREFIX_PATH=/home/parallels/robotic_hw/machina_ws/install/robot_interfaces:/home/parallels/controls_ros/install/uv_utils:/home/parallels/controls_ros/install/uv_utils_msgs:/home/parallels/controls_ros/install/sentry:/opt/ros/humble CONDA_PROMPT_MODIFIER=(base) /usr/bin/cmake --build /home/parallels/robotic_hw/machina_ws/build/sensor_srv -- -j6 -l6
[0.940s] Invoking command in '/home/parallels/robotic_hw/machina_ws/build/sensor_srv': AMENT_PREFIX_PATH=/home/parallels/robotic_hw/machina_ws/install/robot_interfaces:${AMENT_PREFIX_PATH} CMAKE_PREFIX_PATH=/home/parallels/robotic_hw/machina_ws/install/robot_interfaces:/home/parallels/controls_ros/install/uv_utils:/home/parallels/controls_ros/install/uv_utils_msgs:/home/parallels/controls_ros/install/sentry:/opt/ros/humble CONDA_PROMPT_MODIFIER=(base) /usr/bin/cmake --install /home/parallels/robotic_hw/machina_ws/build/sensor_srv
[0.943s] -- Install configuration: ""
[0.943s] -- Installing: /home/parallels/robotic_hw/machina_ws/install/sensor_srv/share/ament_index/resource_index/package_run_dependencies/sensor_srv
[0.943s] -- Installing: /home/parallels/robotic_hw/machina_ws/install/sensor_srv/share/ament_index/resource_index/parent_prefix_path/sensor_srv
[0.943s] -- Installing: /home/parallels/robotic_hw/machina_ws/install/sensor_srv/share/sensor_srv/environment/ament_prefix_path.sh
[0.943s] -- Installing: /home/parallels/robotic_hw/machina_ws/install/sensor_srv/share/sensor_srv/environment/ament_prefix_path.dsv
[0.944s] -- Installing: /home/parallels/robotic_hw/machina_ws/install/sensor_srv/share/sensor_srv/environment/path.sh
[0.944s] -- Installing: /home/parallels/robotic_hw/machina_ws/install/sensor_srv/share/sensor_srv/environment/path.dsv
[0.944s] -- Installing: /home/parallels/robotic_hw/machina_ws/install/sensor_srv/share/sensor_srv/local_setup.bash
[0.944s] -- Installing: /home/parallels/robotic_hw/machina_ws/install/sensor_srv/share/sensor_srv/local_setup.sh
[0.944s] -- Installing: /home/parallels/robotic_hw/machina_ws/install/sensor_srv/share/sensor_srv/local_setup.zsh
[0.944s] -- Installing: /home/parallels/robotic_hw/machina_ws/install/sensor_srv/share/sensor_srv/local_setup.dsv
[0.944s] -- Installing: /home/parallels/robotic_hw/machina_ws/install/sensor_srv/share/sensor_srv/package.dsv
[0.944s] -- Installing: /home/parallels/robotic_hw/machina_ws/install/sensor_srv/share/ament_index/resource_index/packages/sensor_srv
[0.944s] -- Installing: /home/parallels/robotic_hw/machina_ws/install/sensor_srv/share/sensor_srv/cmake/sensor_srvConfig.cmake
[0.944s] -- Installing: /home/parallels/robotic_hw/machina_ws/install/sensor_srv/share/sensor_srv/cmake/sensor_srvConfig-version.cmake
[0.944s] -- Installing: /home/parallels/robotic_hw/machina_ws/install/sensor_srv/share/sensor_srv/package.xml
[0.945s] Invoked command in '/home/parallels/robotic_hw/machina_ws/build/sensor_srv' returned '0': AMENT_PREFIX_PATH=/home/parallels/robotic_hw/machina_ws/install/robot_interfaces:${AMENT_PREFIX_PATH} CMAKE_PREFIX_PATH=/home/parallels/robotic_hw/machina_ws/install/robot_interfaces:/home/parallels/controls_ros/install/uv_utils:/home/parallels/controls_ros/install/uv_utils_msgs:/home/parallels/controls_ros/install/sentry:/opt/ros/humble CONDA_PROMPT_MODIFIER=(base) /usr/bin/cmake --install /home/parallels/robotic_hw/machina_ws/build/sensor_srv
